-------------------------------------------------------------------------------
Test set: TestSuite
-------------------------------------------------------------------------------
Tests run: 32, Failures: 8, Errors: 0, Skipped: 8, Time elapsed: 291.19 s <<< FAILURE! - in TestSuite
TestCase10(com.bosch.ui.web.automation.test.SampleTest)  Time elapsed: 2.339 s  <<< FAILURE!
java.lang.AssertionError: expected [true] but found [false]
	at com.bosch.ui.web.automation.test.SampleTest.TestCase10(SampleTest.java:68)

TestCase101(com.bosch.ui.web.automation.test.SampleTest)  Time elapsed: 0.474 s  <<< FAILURE!
java.lang.AssertionError: expected [true] but found [false]
	at com.bosch.ui.web.automation.test.SampleTest.TestCase101(SampleTest.java:186)

TestCase15(com.bosch.ui.web.automation.test.SampleTest)  Time elapsed: 18.894 s  <<< FAILURE!
java.lang.AssertionError: expected [true] but found [false]
	at com.bosch.ui.web.automation.test.SampleTest.TestCase15(SampleTest.java:97)

TestCase151(com.bosch.ui.web.automation.test.SampleTest)  Time elapsed: 0.078 s  <<< FAILURE!
java.lang.AssertionError: expected [true] but found [false]
	at com.bosch.ui.web.automation.test.SampleTest.TestCase151(SampleTest.java:215)

TestCase20(com.bosch.ui.web.automation.test.SampleTest)  Time elapsed: 19.114 s  <<< FAILURE!
java.lang.AssertionError: expected [true] but found [false]
	at com.bosch.ui.web.automation.test.SampleTest.TestCase20(SampleTest.java:126)

TestCase201(com.bosch.ui.web.automation.test.SampleTest)  Time elapsed: 0.141 s  <<< FAILURE!
java.lang.AssertionError: expected [true] but found [false]
	at com.bosch.ui.web.automation.test.SampleTest.TestCase201(SampleTest.java:244)

TestCase5(com.bosch.ui.web.automation.test.SampleTest)  Time elapsed: 21.953 s  <<< FAILURE!
java.lang.AssertionError: expected [true] but found [false]
	at com.bosch.ui.web.automation.test.SampleTest.TestCase5(SampleTest.java:39)

TestCase51(com.bosch.ui.web.automation.test.SampleTest)  Time elapsed: 2.876 s  <<< FAILURE!
java.lang.AssertionError: expected [true] but found [false]
	at com.bosch.ui.web.automation.test.SampleTest.TestCase51(SampleTest.java:157)

