<?xml version="1.0" encoding="UTF-8"?>
<testsuite xmlns:xsi="http://www.w3.org/2001/XMLSchema-instance" xsi:noNamespaceSchemaLocation="https://maven.apache.org/surefire/maven-surefire-plugin/xsd/surefire-test-report.xsd" name="TestSuite" time="4.075" tests="2" errors="0" skipped="0" failures="2">
  <properties>
[...]
</properties>
  <testcase name="TestCase2" classname="com.ui.web.automation.test.SampleTest" time="2.293">
    <failure type="java.lang.NullPointerException">java.lang.NullPointerException
</failure>
    <system-err><![CDATA[org.openqa.selenium.WebDriverException: java.lang.NumberFormatException: For input string: "true);user_pref("browser.startup.homepage", "http://bzo.bosch.com""
Build info: version: '3.6.0', revision: '6fbf3ec767', time: '2017-09-27T15:28:36.4Z'
System info: host: 'BMHE1084976', ip: '10.170.20.123', os.name: 'Windows 7', os.arch: 'amd64', os.version: '6.1', java.version: '1.8.0_112'
Driver info: driver.version: unknown
	at org.openqa.selenium.firefox.Preferences.preferenceAsValue(Preferences.java:203)
	at org.openqa.selenium.firefox.Preferences.readPreferences(Preferences.java:137)
	at org.openqa.selenium.firefox.Preferences.<init>(Preferences.java:71)
	at org.openqa.selenium.firefox.FirefoxProfile.<init>(FirefoxProfile.java:89)
	at org.openqa.selenium.firefox.FirefoxProfile.<init>(FirefoxProfile.java:71)
	at org.openqa.selenium.firefox.internal.ProfilesIni.getProfile(ProfilesIni.java:132)
	at com.web.ui.automation.driver.DriverFactory.getFirefoxDriver(DriverFactory.java:78)
	at com.web.ui.automation.driver.DriverFactory.createInstance(DriverFactory.java:24)
	at com.web.ui.automation.listeners.InvokedMethodListenerImpl.beforeInvocation(InvokedMethodListenerImpl.java:35)
	at org.testng.internal.invokers.InvokedMethodListenerInvoker$InvokeBeforeInvocationWithoutContextStrategy.callMethod(InvokedMethodListenerInvoker.java:84)
	at org.testng.internal.invokers.InvokedMethodListenerInvoker.invokeListener(InvokedMethodListenerInvoker.java:62)
	at org.testng.internal.Invoker.runInvokedMethodListeners(Invoker.java:566)
	at org.testng.internal.Invoker.invokeMethod(Invoker.java:644)
	at org.testng.internal.Invoker.invokeTestMethod(Invoker.java:869)
	at org.testng.internal.Invoker.invokeTestMethods(Invoker.java:1193)
	at org.testng.internal.TestMethodWorker.invokeTestMethods(TestMethodWorker.java:126)
	at org.testng.internal.TestMethodWorker.run(TestMethodWorker.java:109)
	at java.util.concurrent.ThreadPoolExecutor.runWorker(ThreadPoolExecutor.java:1142)
	at java.util.concurrent.ThreadPoolExecutor$Worker.run(ThreadPoolExecutor.java:617)
	at java.lang.Thread.run(Thread.java:745)
Caused by: java.lang.NumberFormatException: For input string: "true);user_pref("browser.startup.homepage", "http://bzo.bosch.com""
	at java.lang.NumberFormatException.forInputString(NumberFormatException.java:65)
	at java.lang.Integer.parseInt(Integer.java:580)
	at java.lang.Integer.parseInt(Integer.java:615)
	at org.openqa.selenium.firefox.Preferences.preferenceAsValue(Preferences.java:201)
	... 19 more
org.openqa.selenium.WebDriverException: java.lang.NumberFormatException: For input string: "true);user_pref("browser.startup.homepage", "http://bzo.bosch.com""
Build info: version: '3.6.0', revision: '6fbf3ec767', time: '2017-09-27T15:28:36.4Z'
System info: host: 'BMHE1084976', ip: '10.170.20.123', os.name: 'Windows 7', os.arch: 'amd64', os.version: '6.1', java.version: '1.8.0_112'
Driver info: driver.version: unknown
	at org.openqa.selenium.firefox.Preferences.preferenceAsValue(Preferences.java:203)
	at org.openqa.selenium.firefox.Preferences.readPreferences(Preferences.java:137)
	at org.openqa.selenium.firefox.Preferences.<init>(Preferences.java:71)
	at org.openqa.selenium.firefox.FirefoxProfile.<init>(FirefoxProfile.java:89)
	at org.openqa.selenium.firefox.FirefoxProfile.<init>(FirefoxProfile.java:71)
	at org.openqa.selenium.firefox.internal.ProfilesIni.getProfile(ProfilesIni.java:132)
	at com.web.ui.automation.driver.DriverFactory.getFirefoxDriver(DriverFactory.java:78)
	at com.web.ui.automation.driver.DriverFactory.createInstance(DriverFactory.java:24)
	at com.web.ui.automation.listeners.InvokedMethodListenerImpl.beforeInvocation(InvokedMethodListenerImpl.java:35)
	at org.testng.internal.invokers.InvokedMethodListenerInvoker$InvokeBeforeInvocationWithoutContextStrategy.callMethod(InvokedMethodListenerInvoker.java:84)
	at org.testng.internal.invokers.InvokedMethodListenerInvoker.invokeListener(InvokedMethodListenerInvoker.java:62)
	at org.testng.internal.Invoker.runInvokedMethodListeners(Invoker.java:566)
	at org.testng.internal.Invoker.invokeMethod(Invoker.java:644)
	at org.testng.internal.Invoker.invokeTestMethod(Invoker.java:869)
	at org.testng.internal.Invoker.invokeTestMethods(Invoker.java:1193)
	at org.testng.internal.TestMethodWorker.invokeTestMethods(TestMethodWorker.java:126)
	at org.testng.internal.TestMethodWorker.run(TestMethodWorker.java:109)
	at java.util.concurrent.ThreadPoolExecutor.runWorker(ThreadPoolExecutor.java:1142)
	at java.util.concurrent.ThreadPoolExecutor$Worker.run(ThreadPoolExecutor.java:617)
	at java.lang.Thread.run(Thread.java:745)
Caused by: java.lang.NumberFormatException: For input string: "true);user_pref("browser.startup.homepage", "http://bzo.bosch.com""
	at java.lang.NumberFormatException.forInputString(NumberFormatException.java:65)
	at java.lang.Integer.parseInt(Integer.java:580)
	at java.lang.Integer.parseInt(Integer.java:615)
	at org.openqa.selenium.firefox.Preferences.preferenceAsValue(Preferences.java:201)
	... 19 more
[DriverFactory] [ERROR] java.lang.NullPointerException
[DriverFactory] [ERROR] java.lang.NullPointerException
]]></system-err>
  </testcase>
  <testcase name="TestCase1" classname="com.ui.web.automation.test.SampleTest" time="2.294">
    <failure type="java.lang.NullPointerException">java.lang.NullPointerException
</failure>
  </testcase>
</testsuite>