-------------------------------------------------------------------------------
Test set: TestSuite
-------------------------------------------------------------------------------
Tests run: 2, Failures: 2, Errors: 0, Skipped: 0, Time elapsed: 4.075 s <<< FAILURE! - in TestSuite
TestCase2(com.ui.web.automation.test.SampleTest)  Time elapsed: 2.293 s  <<< FAILURE!
java.lang.NullPointerException

TestCase1(com.ui.web.automation.test.SampleTest)  Time elapsed: 2.294 s  <<< FAILURE!
java.lang.NullPointerException

